2023-10-20 10:17:40,858 [Worker-14] INFO  o.e.m.c.i.l.LifecycleMappingFactory - Using org.eclipse.m2e.jdt.JarLifecycleMapping lifecycle mapping for MavenProject: com.wedlock:wedlock:0.0.1-SNAPSHOT @ E:\wedlock\BackEnd\wedlock\pom.xml.
2023-10-20 10:17:50,868 [Worker-14] INFO  o.e.m.c.i.embedder.EclipseLogger - Using 'UTF-8' encoding to copy filtered resources.
2023-10-20 10:17:50,868 [Worker-14] INFO  o.e.m.c.i.embedder.EclipseLogger - Using 'UTF-8' encoding to copy filtered properties files.
2023-10-20 10:17:50,872 [Worker-14] INFO  o.e.m.c.i.embedder.EclipseLogger - Copying 1 resource
2023-10-20 10:17:50,897 [Worker-14] INFO  o.e.m.c.i.embedder.EclipseLogger - Copying 0 resource
2023-10-20 10:17:50,899 [Worker-14] INFO  o.e.m.c.i.embedder.EclipseLogger - Using 'UTF-8' encoding to copy filtered resources.
2023-10-20 10:17:50,900 [Worker-14] INFO  o.e.m.c.i.embedder.EclipseLogger - Using 'UTF-8' encoding to copy filtered properties files.
2023-10-20 10:17:50,900 [Worker-14] INFO  o.e.m.c.i.embedder.EclipseLogger - skip non existing resourceDirectory E:\wedlock\BackEnd\wedlock\src\test\resources
2023-10-20 10:17:51,550 [Worker-2] INFO  o.e.m.c.i.l.LifecycleMappingFactory - Using org.eclipse.m2e.jdt.JarLifecycleMapping lifecycle mapping for MavenProject: com.wedlock:wedlock:0.0.1-SNAPSHOT @ E:\wedlock\BackEnd\wedlock\pom.xml.
2023-10-20 10:17:53,206 [Worker-1] INFO  o.e.m.c.i.embedder.EclipseLogger - Using 'UTF-8' encoding to copy filtered resources.
2023-10-20 10:17:53,206 [Worker-1] INFO  o.e.m.c.i.embedder.EclipseLogger - Using 'UTF-8' encoding to copy filtered properties files.
2023-10-20 10:17:53,212 [Worker-1] INFO  o.e.m.c.i.embedder.EclipseLogger - Copying 1 resource
2023-10-20 10:17:53,226 [Worker-1] INFO  o.e.m.c.i.embedder.EclipseLogger - Copying 0 resource
2023-10-20 10:17:53,229 [Worker-1] INFO  o.e.m.c.i.embedder.EclipseLogger - Using 'UTF-8' encoding to copy filtered resources.
2023-10-20 10:17:53,229 [Worker-1] INFO  o.e.m.c.i.embedder.EclipseLogger - Using 'UTF-8' encoding to copy filtered properties files.
2023-10-20 10:17:53,229 [Worker-1] INFO  o.e.m.c.i.embedder.EclipseLogger - skip non existing resourceDirectory E:\wedlock\BackEnd\wedlock\src\test\resources
2023-10-20 10:18:11,957 [Worker-3] INFO  o.e.m.c.i.p.ProjectConfigurationManager - Update started
2023-10-20 10:18:12,887 [Worker-3] INFO  o.e.m.c.i.l.LifecycleMappingFactory - Using org.eclipse.m2e.jdt.JarLifecycleMapping lifecycle mapping for MavenProject: com.wedlock:wedlock:0.0.1-SNAPSHOT @ E:\wedlock\BackEnd\wedlock\pom.xml.
2023-10-20 10:18:13,978 [Worker-3] INFO  o.e.m.j.i.AbstractJavaProjectConfigurator - Adding source folder /wedlock/src/main/java
2023-10-20 10:18:13,978 [Worker-3] INFO  o.e.m.j.i.AbstractJavaProjectConfigurator - Adding resource folder /wedlock/src/main/resources
2023-10-20 10:18:13,991 [Worker-3] INFO  o.e.m.j.i.AbstractJavaProjectConfigurator - Adding resource folder /wedlock/src/main/resources
2023-10-20 10:18:14,007 [Worker-3] INFO  o.e.m.j.i.AbstractJavaProjectConfigurator - Adding source folder /wedlock/src/test/java
2023-10-20 10:18:14,667 [Worker-3] INFO  o.e.m.c.i.p.ProjectConfigurationManager - Update completed: 2 sec
2023-10-20 10:18:15,539 [Worker-11] INFO  o.e.m.c.i.embedder.EclipseLogger - Using 'UTF-8' encoding to copy filtered resources.
2023-10-20 10:18:15,540 [Worker-11] INFO  o.e.m.c.i.embedder.EclipseLogger - Using 'UTF-8' encoding to copy filtered properties files.
2023-10-20 10:18:15,540 [Worker-11] INFO  o.e.m.c.i.embedder.EclipseLogger - Copying 1 resource
2023-10-20 10:18:15,560 [Worker-11] INFO  o.e.m.c.i.embedder.EclipseLogger - Copying 0 resource
2023-10-20 10:18:15,563 [Worker-11] INFO  o.e.m.c.i.embedder.EclipseLogger - Using 'UTF-8' encoding to copy filtered resources.
2023-10-20 10:18:15,563 [Worker-11] INFO  o.e.m.c.i.embedder.EclipseLogger - Using 'UTF-8' encoding to copy filtered properties files.
2023-10-20 10:18:15,563 [Worker-11] INFO  o.e.m.c.i.embedder.EclipseLogger - skip non existing resourceDirectory E:\wedlock\BackEnd\wedlock\src\test\resources
